INT: 279936
INT: -2147483648
INT: -324
INT: 0
INT: 0
FLOAT: 145.412
FLOAT: 121.509
FLOAT: 0.0468827
FLOAT: 4.18465
FLOAT: 54.619
FLOAT: 2.82843
FLOAT: 1.44225
FLOAT: 1.66727
INT: -729
INT: 0
INT: 0
FLOAT: 0.00020011
FLOAT: -4.57924e+07
FLOAT: 0.163242
FLOAT: -0.457194
FLOAT: 0.568691
FLOAT: 3375
FLOAT: 3191.8
FLOAT: 1337.8
FLOAT: -1.03719
FLOAT: 1
FLOAT: 2
FLOAT: 1
FLOAT: 155
FLOAT: 636
INT: 2
INT: 8
INT: -67
INT: -1822
FLOAT: 0
FLOAT: 1
FLOAT: 1945
INT: 101
INT: 9809
FLOAT: 1
FLOAT: 8
INT: -4
FLOAT: -10
FLOAT: -17
FLOAT: -5
FLOAT: -1
FLOAT: 4
FLOAT: -9.1226e+06
FLOAT: 7
FLOAT: 302
FLOAT: 0
INT: 0
INT: 2
FLOAT: 0
FLOAT: 0
FLOAT: 0
FLOAT: 0
FLOAT: 0
FLOAT: 0
INT: 12
INT: -4
INT: -3
INT: -10
FLOAT: 0
FLOAT: 0
FLOAT: 0
FLOAT: 0
FLOAT: 0
FLOAT: 0
FLOAT: 0
FLOAT: 0
FLOAT: 1.92813
FLOAT: 0.60211
INT: 8
FLOAT: 39.9603
INT: 11
FLOAT: 25.9052
FLOAT: 3.23846e+06
FLOAT: 19955.8
FLOAT: 0.00198852
FLOAT: 16.6553
FLOAT: 12.5763
INT: 399
INT: -23
INT: -1
FLOAT: -34.9499
FLOAT: -0.591083
FLOAT: 0.766871
FLOAT: -92.9973
FLOAT: 17.7056
FLOAT: -26.3386
FLOAT: -0.111573
FLOAT: -2.9534
FLOAT: -8.50196
FLOAT: -0.00950513
FLOAT: -8.18615e-05
FLOAT: 40.8356
INT: 30
FLOAT: 567.595
FLOAT: 7.31754
FLOAT: 1596.91
FLOAT: 3.1367
FLOAT: 1666.08
FLOAT: 302490
FLOAT: 51.788
FLOAT: 5211.02
INT: 704
INT: -90
INT: -162
FLOAT: -13.2786
FLOAT: -1.25
FLOAT: 7.47924
FLOAT: -3.45781
FLOAT: 210.857
FLOAT: -914.4
FLOAT: -49.5687
FLOAT: -0.102431
FLOAT: -1.39037
FLOAT: -0.00159415
FLOAT: -1.03299e+08
FLOAT: 1833.37
INT: 209
FLOAT: 210.587
FLOAT: 11.6569
FLOAT: 710.886
FLOAT: -9710.23
FLOAT: 32228.2
FLOAT: 1.12213e+08
FLOAT: -20.1311
FLOAT: -7413.49
INT: 1220
INT: -69
INT: 3968
FLOAT: -4.2459
FLOAT: 53.2123
FLOAT: -48.7535
FLOAT: 27.7783
FLOAT: -9.34431
FLOAT: -61.4
FLOAT: 474.251
FLOAT: 24.6428
FLOAT: -64.9547
FLOAT: 0.0486873
FLOAT: -2665.64
FLOAT: -0.320044
INT: 11
FLOAT: 237.415
FLOAT: 5.65877
FLOAT: 96.3871
FLOAT: 323338
FLOAT: 1.28465e+06
FLOAT: 25.74
FLOAT: 78413.6
INT: -54
INT: -43
INT: -51
FLOAT: -53.7541
FLOAT: -4.75
FLOAT: -7.24654
FLOAT: 0.68866
FLOAT: -66.552
FLOAT: -10.6
FLOAT: -19.7469
FLOAT: -2.17029
FLOAT: -6.3367
FLOAT: -0.0697982
FLOAT: 836901
FLOAT: -102.41
INT: 1
INT: 1
INT: 1
INT: 4
INT: 4
